number,value,datetime_start,datetime_complete,duration,params_co2_weight,params_eps_decay,params_gamma,params_learning_rate,params_pmv_weight,params_tau,state
0,-481.27796789458154,2026-02-25 13:32:58.245449,2026-02-25 13:37:27.791949,0 days 00:04:29.546500,0.38497087414114295,6,0.9040243572037726,0.0004211479218328664,0.7304662959267398,0.008961507606349745,COMPLETE
1,-392.87164983832497,2026-02-25 13:37:27.827413,2026-02-25 13:41:54.520233,0 days 00:04:26.692820,0.5047274112885565,8,0.9747489702638066,0.0023812066915258646,0.3651731709375234,0.0014811637442776345,COMPLETE
2,-296.7885855035121,2026-02-25 13:41:54.551951,2026-02-25 13:46:13.598702,0 days 00:04:19.046751,0.6320711094071958,5,0.9328165167290672,0.0004793873032362228,0.4911435502754932,0.0056131095001601536,COMPLETE
3,-317.963960944601,2026-02-25 13:46:13.630837,2026-02-25 13:50:32.664455,0 days 00:04:19.033618,0.49335142449282643,9,0.9101634117927206,0.0013200815947610259,0.3054732204090942,0.01710891519962875,COMPLETE
4,-758.6579297769317,2026-02-25 13:50:32.695943,2026-02-25 13:54:53.328402,0 days 00:04:20.632459,0.33516177939556996,7,0.9852516148622388,0.0014458700361856833,0.4951319687019519,0.0015285732856478666,COMPLETE
5,-850.9798897657566,2026-02-25 13:54:53.362958,2026-02-25 13:59:13.058862,0 days 00:04:19.695904,0.33718533842773385,3,0.9133024136005748,0.0016243480474183068,0.32936379101969104,0.0010737220238116701,COMPLETE
6,-309.664998839927,2026-02-25 13:59:13.090676,2026-02-25 14:03:31.437595,0 days 00:04:18.346919,0.5734939325844293,7,0.975975717589122,0.0006335476801104971,0.6233063543906192,0.010332756218262849,COMPLETE
7,-590.5375785159193,2026-02-25 14:03:31.468665,2026-02-25 14:07:52.668232,0 days 00:04:21.199567,0.39849667258025956,10,0.9530766089248016,0.002430435724116824,0.5029589642413601,0.01968298140782131,COMPLETE
8,-547.0450153646449,2026-02-25 14:07:52.699939,2026-02-25 14:12:12.958518,0 days 00:04:20.258579,0.5031750850690475,8,0.9610691670642909,0.0016161282017644269,0.23791047827249606,0.001223692934372289,COMPLETE
9,-688.94193708636,2026-02-25 14:12:12.990353,2026-02-25 14:16:39.463831,0 days 00:04:26.473478,0.22901116220061096,4,0.9469842687347161,0.0021135378643369973,0.4841665586129568,0.0037666888947797835,COMPLETE
10,-378.54172253703916,2026-02-25 14:16:39.496890,2026-02-25 14:21:01.778676,0 days 00:04:22.281786,0.7708207729921964,12,0.929456421378562,0.00010811689751608233,0.6534059198497777,0.004200373679404554,COMPLETE
11,-271.60638053838426,2026-02-25 14:21:01.811231,2026-02-25 14:25:28.117587,0 days 00:04:26.306356,0.685348013442743,5,0.9378135082095668,0.0004804998606416621,0.6122685681561859,0.008208326987414208,COMPLETE
12,-257.86842055695814,2026-02-25 14:25:28.149554,2026-02-25 14:29:46.151689,0 days 00:04:18.002135,0.7145090187304599,5,0.9291794204127587,0.00026229997168763396,0.6145321814952821,0.006590588417536194,COMPLETE
13,-362.8807734837896,2026-02-25 14:29:46.183952,2026-02-25 14:34:09.008475,0 days 00:04:22.824523,0.7941472918581232,5,0.9296102053647735,0.0002146453564248328,0.7931525439244463,0.007443403302052612,COMPLETE
14,-211.98219521985507,2026-02-25 14:34:09.039963,2026-02-25 14:38:40.294205,0 days 00:04:31.254242,0.6837148644524677,3,0.919414819356802,0.0002630732061865077,0.6095811808736861,0.0027235814673820377,COMPLETE
15,-517.5235387965084,2026-02-25 14:38:40.331965,2026-02-25 14:43:09.217913,0 days 00:04:28.885948,0.7017739545964468,3,0.9186102344348579,0.00017304595843442417,0.5746635937568781,0.0025854574421994314,COMPLETE
16,-293.9596992570401,2026-02-25 14:43:09.251673,2026-02-25 14:47:33.408849,0 days 00:04:24.157176,0.697960178893766,3,0.9215625604221113,0.00024029611043997295,0.7323587849425833,0.002420764073054284,COMPLETE
17,-249.76924356771465,2026-02-25 14:47:33.440615,2026-02-25 14:52:01.046328,0 days 00:04:27.605713,0.6085391171188549,4,0.9019628872292101,0.004286660142222101,0.4109705082959611,0.0028152644713405578,COMPLETE
18,-408.8392923573159,2026-02-25 14:52:01.080700,2026-02-25 14:56:27.934637,0 days 00:04:26.853937,0.6001763370470142,4,0.9040095923349049,0.0048826242962445475,0.39884451068662774,0.0027129111922457455,COMPLETE
19,-503.04541217434155,2026-02-25 14:56:27.967761,2026-02-25 15:00:52.666780,0 days 00:04:24.699019,0.5574890169229306,4,0.903787317572553,0.004524645551794397,0.406032865720946,0.002147064372163629,COMPLETE
20,-225.39054220591007,2026-02-25 15:00:52.695749,2026-02-25 15:05:21.053743,0 days 00:04:28.357994,0.6427322852536572,6,0.9189047124970714,0.0009494825516777658,0.5343672974676377,0.0034203333460688045,COMPLETE
21,-308.0759488704417,2026-02-25 15:05:21.093420,2026-02-25 15:09:49.605872,0 days 00:04:28.512452,0.6452301410441049,6,0.9180522293958258,0.0009129078183374503,0.4477199589610759,0.0034704821176771007,COMPLETE
22,-245.26232365650762,2026-02-25 15:09:49.639590,2026-02-25 15:14:16.757595,0 days 00:04:27.118005,0.6275249261270068,6,0.9113607411230418,0.003293515142865688,0.5539668808629481,0.003217668606239759,COMPLETE
23,-192.32993237000656,2026-02-25 15:14:16.789048,2026-02-25 15:18:46.503911,0 days 00:04:29.714863,0.7481646320909389,6,0.9223487602958486,0.0009093455427517853,0.5497104984319715,0.0018842886273223915,COMPLETE
24,-198.8588901183264,2026-02-25 15:18:46.535969,2026-02-25 15:23:15.128160,0 days 00:04:28.592191,0.7600849630267713,10,0.9414087228294676,0.0007899759362214446,0.5542927832313801,0.0018522893766565421,COMPLETE
25,-505.19825498259047,2026-02-25 15:23:15.159804,2026-02-25 15:27:40.300418,0 days 00:04:25.140614,0.7567637543866104,11,0.9411166958505428,0.000349805488386229,0.6963837726199946,0.0020184675891198305,COMPLETE
26,-323.8980188968669,2026-02-25 15:27:40.333641,2026-02-25 15:32:05.360025,0 days 00:04:25.026384,0.7423823848453991,10,0.951572353734204,0.0007081968167128218,0.5805622185868556,0.001726530110090842,COMPLETE
27,-176.28528568042674,2026-02-25 15:32:05.396243,2026-02-25 15:36:30.168857,0 days 00:04:24.772614,0.7858237242909167,9,0.9623653453699103,0.0009187658074755084,0.6716817110134309,0.0018282538923351833,COMPLETE
28,-116.56532664292422,2026-02-25 15:36:30.200925,2026-02-25 15:40:57.754078,0 days 00:04:27.553153,0.7937445912227956,9,0.9599227232287868,0.0010202645030972812,0.6725640254959144,0.0010045447914468497,COMPLETE
29,-174.29665158465266,2026-02-25 15:40:57.786795,2026-02-25 15:45:27.424104,0 days 00:04:29.637309,0.7786285803989189,9,0.9625952767941879,0.0011451419238059774,0.7015231802319656,0.001269355368364844,COMPLETE
